<?xml version='1.0' encoding='UTF-8'?>
<testsuite hostname="C02G42VNML7H" name="Day9.SmokeBasinTest" tests="8" errors="0" failures="0" skipped="0" time="0.104" timestamp="2021-12-15T19:25:24">
          <properties>
[...]
</properties>
          <testcase classname="Day9.SmokeBasinTest" name="lowest number to match example" time="0.018">
                      
                    </testcase><testcase classname="Day9.SmokeBasinTest" name="lowest number in challenge input file" time="0.002">
                      
                    </testcase><testcase classname="Day9.SmokeBasinTest" name="basin size top-left" time="0.001">
                      
                    </testcase><testcase classname="Day9.SmokeBasinTest" name="basin size top-right" time="0.0">
                      
                    </testcase><testcase classname="Day9.SmokeBasinTest" name="basin size middle" time="0.0">
                      
                    </testcase><testcase classname="Day9.SmokeBasinTest" name="basin size bottom-right" time="0.001">
                      
                    </testcase><testcase classname="Day9.SmokeBasinTest" name="multiple of largest three matches example" time="0.0">
                      
                    </testcase><testcase classname="Day9.SmokeBasinTest" name="multiple of largest three in input file" time="0.082">
                      
                    </testcase>
          <system-out><![CDATA[]]></system-out>
          <system-err><![CDATA[]]></system-err>
        </testsuite>