<?xml version='1.0' encoding='UTF-8'?>
<testsuite hostname="C02G42VNML7H" name="Day2.DiveDepthTest" tests="9" errors="0" failures="0" skipped="0" time="0.022" timestamp="2021-12-07T17:54:24">
          <properties>
[...]
</properties>
          <testcase classname="Day2.DiveDepthTest" name="down" time="0.011">
                      
                    </testcase><testcase classname="Day2.DiveDepthTest" name="up" time="0.001">
                      
                    </testcase><testcase classname="Day2.DiveDepthTest" name="up and down" time="0.0">
                      
                    </testcase><testcase classname="Day2.DiveDepthTest" name="example calculation should equal 150" time="0.001">
                      
                    </testcase><testcase classname="Day2.DiveDepthTest" name="calculate depth given input file" time="0.002">
                      
                    </testcase><testcase classname="Day2.DiveDepthTest" name="depth remains 0 without aim" time="0.001">
                      
                    </testcase><testcase classname="Day2.DiveDepthTest" name="aim exists and expected calculation result" time="0.0">
                      
                    </testcase><testcase classname="Day2.DiveDepthTest" name="gets expected dive depth with aim of given example" time="0.0">
                      
                    </testcase><testcase classname="Day2.DiveDepthTest" name="calculate depth with aim given input file" time="0.006">
                      
                    </testcase>
          <system-out><![CDATA[]]></system-out>
          <system-err><![CDATA[]]></system-err>
        </testsuite>