<?xml version='1.0' encoding='UTF-8'?>
<testsuite hostname="Administrators-MacBook-Pro.local" name="Day1.DepthIncrementTest" tests="7" errors="0" failures="0" skipped="0" time="0.058" timestamp="2021-12-03T11:04:21">
          <properties>
[...]
</properties>
          <testcase classname="Day1.DepthIncrementTest" name="no increments" time="0.032">
                      
                    </testcase><testcase classname="Day1.DepthIncrementTest" name="one increment" time="0.0">
                      
                    </testcase><testcase classname="Day1.DepthIncrementTest" name="a few increments" time="0.0">
                      
                    </testcase><testcase classname="Day1.DepthIncrementTest" name="given example matches expected increment 7" time="0.0">
                      
                    </testcase><testcase classname="Day1.DepthIncrementTest" name="get depth increments from input file" time="0.018">
                      
                    </testcase><testcase classname="Day1.DepthIncrementTest" name="sliding window given example matches expected increment 5" time="0.001">
                      
                    </testcase><testcase classname="Day1.DepthIncrementTest" name="get sliding window depth increments from input file" time="0.007">
                      
                    </testcase>
          <system-out><![CDATA[]]></system-out>
          <system-err><![CDATA[]]></system-err>
        </testsuite>